<?xml version="1.0" encoding="UTF-8"?>
<!-- Generated by org.testng.reporters.JUnitReportReporter -->
<testsuite hostname="LAPTOP-0F1VP0S4" failures="0" tests="2" name="com.example.demo1.MainPageTest" time="1.333" errors="0" timestamp="2025-02-13T11:04:06 MST" skipped="0">
  <testcase classname="com.example.demo1.MainPageTest" name="retrieveData" time="0.590"/>
  <testcase classname="com.example.demo1.MainPageTest" name="navitageToPage" time="0.743">
    <system-out>
      <![CDATA[Navigate to https://plexusworldwide.com/about]]>
    </system-out>
  </testcase> <!-- navitageToPage -->
  <system-out>
    <![CDATA[Navigate to https://plexusworldwide.com/about]]>
  </system-out>
</testsuite> <!-- com.example.demo1.MainPageTest -->
